2025-03-29 19:40:15,312 - INFO - 检查模型更新...
2025-03-29 19:40:15,312 - INFO - 管道服务器启动
2025-03-29 19:40:15,546 - INFO - 模型加载成功: models/virus_detector.onnx
2025-03-29 19:40:15,566 - INFO - 监听地址: ('localhost', 6000)
2025-03-29 19:40:17,227 - INFO - 发现新版本模型，正在下载...
2025-03-29 19:40:18,092 - INFO - 模型更新成功
2025-03-29 19:41:17,362 - INFO - 客户端已连接
2025-03-29 19:41:17,362 - INFO - 收到文件路径: D:\桌面\编程\py\测试\恶意样本包\20250204\24b31d3476c9f5e8fcc972d4fbc66e5ea0722ba1f40fc5ec6a7f6457cb2aa317.ps1
2025-03-29 19:41:17,420 - INFO - 推理完成: 概率 0.000062
2025-03-29 19:41:17,420 - INFO - 客户端连接关闭
2025-03-29 19:41:56,585 - INFO - 客户端已连接
2025-03-29 19:41:56,585 - INFO - 收到文件路径: D:\桌面\编程\py\测试\恶意样本包\APT 1\00be6858156b0be404b4fa4852ffc550c25565236beaa4cb13ffe288bcb48d8e
2025-03-29 19:41:56,649 - INFO - 推理完成: 概率 0.989912
2025-03-29 19:41:56,649 - INFO - 客户端连接关闭
2025-03-29 19:43:17,733 - INFO - 客户端已连接
2025-03-29 19:43:17,733 - INFO - 收到文件路径: D:\桌面\编程\py\测试\恶意样本包\20250204\334a0a9d2eb09baba358f65a64fe932e05ebf138df3fb99a9ae8cd3b43e133f5.hta
2025-03-29 19:43:17,780 - INFO - 推理完成: 概率 0.295077
2025-03-29 19:43:17,780 - INFO - 客户端连接关闭
2025-03-29 19:44:01,274 - INFO - 客户端已连接
2025-03-29 19:44:01,274 - INFO - 收到文件路径: D:\桌面\编程\py\测试\恶意样本包\20250204\acc79d699319166cc6e3cb712a6909e1538ea130f33087bbbfb4dd8fa1c938ea.xls
2025-03-29 19:44:01,316 - INFO - 推理完成: 概率 0.677867
2025-03-29 19:44:01,316 - INFO - 客户端连接关闭
